\BOOKMARK [1][-]{section.1}{\376\377\004\020\004\075\004\060\004\073\004\070\004\067\000\040\004\077\004\100\004\065\004\064\004\074\004\065\004\102\004\075\004\076\004\071\000\040\004\076\004\061\004\073\004\060\004\101\004\102\004\070}{}% 1
\BOOKMARK [2][-]{subsection.1.1}{\376\377\004\037\004\100\004\070\004\075\004\106\004\070\004\077\000\040\004\100\004\060\004\061\004\076\004\102\004\113\000\040\004\077\004\100\004\076\004\063\004\100\004\060\004\074\004\074\004\075\004\076\000-\004\070\004\075\004\104\004\076\004\100\004\074\004\060\004\106\004\070\004\076\004\075\004\075\004\076\004\071\000\040\004\101\004\070\004\101\004\102\004\065\004\074\004\113\000\040\004\103\004\077\004\100\004\060\004\062\004\073\004\065\004\075\004\070\004\117\000\040\004\061\004\070\004\067\004\075\004\065\004\101\004\076\004\074}{section.1}% 2
\BOOKMARK [3][-]{subsubsection.1.1.1}{\376\377\004\036\004\061\004\101\004\073\004\103\004\066\004\070\004\062\004\060\004\075\004\070\004\065\000\040\004\063\004\076\004\101\004\102\004\065\004\071}{subsection.1.1}% 3
\BOOKMARK [3][-]{subsubsection.1.1.2}{\376\377\004\032\004\103\004\105\004\075\004\117\000\040\004\070\000\040\004\061\004\060\004\100}{subsection.1.1}% 4
\BOOKMARK [3][-]{subsubsection.1.1.3}{\376\377\004\021\004\103\004\105\004\063\004\060\004\073\004\102\004\065\004\100\004\070\004\117}{subsection.1.1}% 5
\BOOKMARK [3][-]{subsubsection.1.1.4}{\376\377\004\043\004\077\004\100\004\060\004\062\004\073\004\065\004\075\004\070\004\065\000\040\004\077\004\100\004\070\004\061\004\113\004\073\004\114\004\116}{subsection.1.1}% 6
\BOOKMARK [3][-]{subsubsection.1.1.5}{\376\377\004\041\004\076\004\102\004\100\004\103\004\064\004\075\004\070\004\072\004\070}{subsection.1.1}% 7
\BOOKMARK [2][-]{subsection.1.2}{\376\377\004\032\004\076\004\074\004\077\004\076\004\075\004\065\004\075\004\102\004\113\000\040\004\077\004\100\004\076\004\063\004\100\004\060\004\074\004\074\004\075\004\076\000-\004\070\004\075\004\104\004\076\004\100\004\074\004\060\004\106\004\070\004\076\004\075\004\075\004\076\004\071\000\040\004\101\004\070\004\101\004\102\004\065\004\074\004\113\000\040\004\103\004\077\004\100\004\060\004\062\004\073\004\065\004\075\004\070\004\117\000\040\004\100\004\065\004\101\004\102\004\076\004\100\004\060\004\075\004\075\004\113\004\074\000\040\004\061\004\070\004\067\004\075\004\065\004\101\004\076\004\074}{section.1}% 8
\BOOKMARK [2][-]{subsection.1.3}{\376\377\004\032\004\060\004\101\004\101\004\076\004\062\004\113\004\065\000\040\004\076\004\102\004\107\004\121\004\102\004\113}{section.1}% 9
\BOOKMARK [3][-]{subsubsection.1.3.1}{\376\377\000Z\000-\004\076\004\102\004\107\004\121\004\102}{subsection.1.3}% 10
\BOOKMARK [3][-]{subsubsection.1.3.2}{\376\377\000X\000-\004\076\004\102\004\107\004\121\004\102}{subsection.1.3}% 11
\BOOKMARK [1][-]{section.2}{\376\377\004\042\004\065\004\105\004\075\004\070\004\107\004\065\004\101\004\072\004\076\004\065\000\040\004\067\004\060\004\064\004\060\004\075\004\070\004\065}{}% 12
\BOOKMARK [2][-]{subsection.2.1}{\376\377\004\036\004\101\004\075\004\076\004\062\004\060\004\075\004\070\004\065\000\040\004\064\004\073\004\117\000\040\004\100\004\060\004\067\004\100\004\060\004\061\004\076\004\102\004\072\004\070}{section.2}% 13
\BOOKMARK [2][-]{subsection.2.2}{\376\377\004\046\004\065\004\073\004\114\000\040\004\070\000\040\004\075\004\060\004\067\004\075\004\060\004\107\004\065\004\075\004\070\004\065\000\040\004\100\004\060\004\067\004\100\004\060\004\061\004\076\004\102\004\072\004\070}{section.2}% 14
\BOOKMARK [2][-]{subsection.2.3}{\376\377\004\042\004\100\004\065\004\061\004\076\004\062\004\060\004\075\004\070\004\117\000\040\004\077\004\076\004\073\004\114\004\067\004\076\004\062\004\060\004\102\004\065\004\073\004\117\000\040\004\072\000\040\004\070\004\075\004\102\004\065\004\100\004\104\004\065\004\071\004\101\004\103\000\040\004\077\004\100\004\076\004\063\004\100\004\060\004\074\004\074\004\113}{section.2}% 15
\BOOKMARK [2][-]{subsection.2.4}{\376\377\004\034\004\076\004\064\004\065\004\073\004\070\004\100\004\076\004\062\004\060\004\075\004\070\004\065\000\040\004\062\004\060\004\100\004\070\004\060\004\075\004\102\004\076\004\062\000\040\004\070\004\101\004\077\004\076\004\073\004\114\004\067\004\076\004\062\004\060\004\075\004\070\004\117}{section.2}% 16
\BOOKMARK [2][-]{subsection.2.5}{\376\377\004\042\004\100\004\065\004\061\004\076\004\062\004\060\004\075\004\070\004\117\000\040\004\072\000\040\004\076\004\104\004\076\004\100\004\074\004\073\004\065\004\075\004\070\004\116\000\040\004\064\004\076\004\072\004\103\004\074\004\065\004\075\004\102\004\060\004\106\004\070\004\070}{section.2}% 17
\BOOKMARK [1][-]{section.3}{\376\377\004\042\004\065\004\105\004\075\004\070\004\107\004\065\004\101\004\072\004\070\004\071\000\040\004\077\004\100\004\076\004\065\004\072\004\102}{}% 18
\BOOKMARK [2][-]{subsection.3.1}{\376\377\004\036\004\061\004\111\004\060\004\117\000\040\004\105\004\060\004\100\004\060\004\072\004\102\004\065\004\100\004\070\004\101\004\102\004\070\004\072\004\060\000\040\004\076\004\100\004\063\004\060\004\075\004\070\004\067\004\060\004\106\004\070\004\070\000\040\004\100\004\065\004\110\004\065\004\075\004\070\004\117\000\040\004\067\004\060\004\064\004\060\004\107\004\070}{section.3}% 19
\BOOKMARK [2][-]{subsection.3.2}{\376\377\004\036\004\061\004\076\004\101\004\075\004\076\004\062\004\060\004\075\004\070\004\065\000\040\004\062\004\113\004\061\004\076\004\100\004\060\000\040\004\102\004\065\004\105\004\075\004\076\004\073\004\076\004\063\004\070\004\070\000\040\004\077\004\100\004\076\004\065\004\072\004\102\004\070\004\100\004\076\004\062\004\060\004\075\004\070\004\117}{section.3}% 20
\BOOKMARK [3][-]{subsubsection.3.2.1}{\376\377\004\036\004\077\004\070\004\101\004\060\004\075\004\070\004\065\000\040\004\070\004\101\004\077\004\076\004\073\004\114\004\067\004\103\004\065\004\074\004\113\004\105\000\040\004\102\004\065\004\105\004\075\004\076\004\073\004\076\004\063\004\070\004\071\000\040\004\070\000\040\004\117\004\067\004\113\004\072\004\076\004\062\000\040\004\077\004\100\004\076\004\063\004\100\004\060\004\074\004\074\004\070\004\100\004\076\004\062\004\060\004\075\004\070\004\117}{subsection.3.2}% 21
\BOOKMARK [3][-]{subsubsection.3.2.2}{\376\377\004\057\004\067\004\113\004\072\000\040\004\077\004\100\004\076\004\063\004\100\004\060\004\074\004\074\004\070\004\100\004\076\004\062\004\060\004\075\004\070\004\117\000\040\000P\000y\000t\000h\000o\000n}{subsection.3.2}% 22
\BOOKMARK [4][-]{paragraph.3.2.2.1}{\376\377\004\021\004\070\004\061\004\073\004\070\004\076\004\102\004\065\004\072\004\060\000\040\000T\000k\000i\000n\000e\000r}{subsubsection.3.2.2}% 23
\BOOKMARK [3][-]{subsubsection.3.2.3}{\376\377\000P\000o\000s\000t\000g\000e\000r\000S\000Q\000L}{subsection.3.2}% 24
\BOOKMARK [4][-]{paragraph.3.2.3.1}{\376\377\004\024\004\076\004\101\004\102\004\076\004\070\004\075\004\101\004\102\004\062\004\060\000\040\000P\000o\000s\000t\000g\000e\000r\000S\000Q\000L}{subsubsection.3.2.3}% 25
\BOOKMARK [2][-]{subsection.3.3}{\376\377\004\024\004\070\004\060\004\063\004\100\004\060\004\074\004\074\004\060\000\040\004\072\004\076\004\074\004\077\004\076\004\075\004\065\004\075\004\102\004\076\004\062\000\040\004\070\000\040\004\101\004\105\004\065\004\074\004\060\000\040\004\076\004\061\004\074\004\065\004\075\004\060\000\040\004\064\004\060\004\075\004\075\004\113\004\074\004\070\000\040\004\074\004\065\004\066\004\064\004\103\000\040\004\104\004\060\004\071\004\073\004\060\004\074\004\070\000\040\004\072\004\076\004\074\004\077\004\076\004\075\004\065\004\075\004\102\004\060}{section.3}% 26
\BOOKMARK [2][-]{subsection.3.4}{\376\377\004\041\004\102\004\100\004\103\004\072\004\102\004\103\004\100\004\060\000\040\004\061\004\060\004\067\004\113\000\040\004\064\004\060\004\075\004\075\004\113\004\105}{section.3}% 27
\BOOKMARK [1][-]{table.13}{\376\377\004\041\004\037\004\030\004\041\004\036\004\032\000\040\004\030\004\041\004\037\004\036\004\033\004\054\004\027\004\036\004\022\004\020\004\035\004\035\004\053\004\045\000\040\004\030\004\041\004\042\004\036\004\047\004\035\004\030\004\032\004\036\004\022}{}% 28
